#
# There is insufficient memory for the Java Runtime Environment to continue.
# Native memory allocation (malloc) failed to allocate 1048576 bytes for AllocateHeap
# Possible reasons:
#   The system is out of physical RAM or swap space
#   In 32 bit mode, the process size limit was hit
# Possible solutions:
#   Reduce memory load on the system
#   Increase physical memory or swap space
#   Check if swap backing store is full
#   Use 64 bit Java on a 64 bit OS
#   Decrease Java heap size (-Xmx/-Xms)
#   Decrease number of Java threads
#   Decrease Java thread stack sizes (-Xss)
#   Set larger code cache with -XX:ReservedCodeCacheSize=
# This output file may be truncated or incomplete.
#
#  Out of Memory Error (memory/allocation.inline.hpp:61), pid=5776, tid=0x00000000000066e0
#
# JRE version:  (8.0_121-b13) (build )
# Java VM: Java HotSpot(TM) 64-Bit Server VM (25.121-b13 mixed mode windows-amd64 compressed oops)
# Failed to write core dump. Minidumps are not enabled by default on client versions of Windows
#

---------------  T H R E A D  ---------------

Current thread (0x0000000002ee4800):  JavaThread "Unknown thread" [_thread_in_vm, id=26336, stack(0x0000000002de0000,0x0000000002ee0000)]

Stack: [0x0000000002de0000,0x0000000002ee0000]
[error occurred during error reporting (printing stack bounds), id 0xc0000005]

Native frames: (J=compiled Java code, j=interpreted, Vv=VM code, C=native code)


---------------  P R O C E S S  ---------------

Java Threads: ( => current thread )

Other Threads:

=>0x0000000002ee4800 (exited) JavaThread "Unknown thread" [_thread_in_vm, id=26336, stack(0x0000000002de0000,0x0000000002ee0000)]

VM state:not at safepoint (normal execution)

VM Mutex/Monitor currently owned by a thread: None

Heap:
 PSYoungGen      total 38400K, used 665K [0x00000000d5580000, 0x00000000d8000000, 0x0000000100000000)
  eden space 33280K, 2% used [0x00000000d5580000,0x00000000d5626670,0x00000000d7600000)
  from space 5120K, 0% used [0x00000000d7b00000,0x00000000d7b00000,0x00000000d8000000)
  to   space 5120K, 0% used [0x00000000d7600000,0x00000000d7600000,0x00000000d7b00000)
 ParOldGen       total 87552K, used 0K [0x0000000080000000, 0x0000000085580000, 0x00000000d5580000)
  object space 87552K, 0% used [0x0000000080000000,0x0000000080000000,0x0000000085580000)
 Metaspace       used 752K, capacity 1092K, committed 1152K, reserved 1060864K
  class space    used 75K, capacity 384K, committed 384K, reserved 1048576K

Card table byte_map: [0x00000000123a0000,0x00000000127b0000] byte_map_base: 0x0000000011fa0000

Marking Bits: (ParMarkBitMap*) 0x000000005802b6d0
 Begin Bits: [0x0000000012e60000, 0x0000000014e60000)
 End Bits:   [0x0000000014e60000, 0x0000000016e60000)

Polling page: 0x0000000000ff0000

CodeCache: size=245760Kb used=328Kb max_used=328Kb free=245431Kb
 bounds [0x0000000002fe0000, 0x0000000003250000, 0x0000000011fe0000]
 total_blobs=57 nmethods=0 adapters=38
 compilation: enabled

Compilation events (0 events):
No events

GC Heap History (0 events):
No events

Deoptimization events (0 events):
No events

Internal exceptions (0 events):
No events

Events (10 events):
Event: 0.036 loading class java/lang/Short
Event: 0.036 loading class java/lang/Short done
Event: 0.036 loading class java/lang/Integer
Event: 0.036 loading class java/lang/Integer done
Event: 0.036 loading class java/lang/Long
Event: 0.036 loading class java/lang/Long done
Event: 0.037 loading class java/lang/NullPointerException
Event: 0.037 loading class java/lang/NullPointerException done
Event: 0.037 loading class java/lang/ArithmeticException
Event: 0.037 loading class java/lang/ArithmeticException done


Dynamic libraries:
0x00007ff65b690000 - 0x00007ff65b6c7000 	C:\Program Files\Java\jre1.8.0_121\bin\javaw.exe
0x00007ffb2e920000 - 0x00007ffb2eb01000 	C:\WINDOWS\SYSTEM32\ntdll.dll
0x00007ffb2c700000 - 0x00007ffb2c7b2000 	C:\WINDOWS\System32\KERNEL32.DLL
0x00007ffb2b5a0000 - 0x00007ffb2b813000 	C:\WINDOWS\System32\KERNELBASE.dll
0x00007ffb2c820000 - 0x00007ffb2c8c1000 	C:\WINDOWS\System32\ADVAPI32.dll
0x00007ffb2c120000 - 0x00007ffb2c1be000 	C:\WINDOWS\System32\msvcrt.dll
0x00007ffb2c7c0000 - 0x00007ffb2c81b000 	C:\WINDOWS\System32\sechost.dll
0x00007ffb2c430000 - 0x00007ffb2c554000 	C:\WINDOWS\System32\RPCRT4.dll
0x00007ffb2bf90000 - 0x00007ffb2c120000 	C:\WINDOWS\System32\USER32.dll
0x00007ffb2b980000 - 0x00007ffb2b9a0000 	C:\WINDOWS\System32\win32u.dll
0x00007ffb2bde0000 - 0x00007ffb2be08000 	C:\WINDOWS\System32\GDI32.dll
0x00007ffb2bc10000 - 0x00007ffb2bda2000 	C:\WINDOWS\System32\gdi32full.dll
0x00007ffb2b400000 - 0x00007ffb2b49f000 	C:\WINDOWS\System32\msvcp_win.dll
0x00007ffb2b4a0000 - 0x00007ffb2b59a000 	C:\WINDOWS\System32\ucrtbase.dll
0x00007ffb28ec0000 - 0x00007ffb29129000 	C:\WINDOWS\WinSxS\amd64_microsoft.windows.common-controls_6595b64144ccf1df_6.0.17134.407_none_fb449d63306391e9\COMCTL32.dll
0x00007ffb2cd80000 - 0x00007ffb2d0a2000 	C:\WINDOWS\System32\combase.dll
0x00007ffb2bb90000 - 0x00007ffb2bc0a000 	C:\WINDOWS\System32\bcryptPrimitives.dll
0x00007ffb2bdb0000 - 0x00007ffb2bddd000 	C:\WINDOWS\System32\IMM32.DLL
0x00007ffb2aad0000 - 0x00007ffb2ab2d000 	C:\Program Files\Citrix\System32\MfApHook64.dll
0x00007ffb2a420000 - 0x00007ffb2a44b000 	C:\Program Files\Citrix\ICAService\CtxDodHook64.dll
0x00007ffb2a9f0000 - 0x00007ffb2aa22000 	C:\Program Files\Citrix\ICAService\picaFullScreenHookX64.dll
0x00007ffb2a3d0000 - 0x00007ffb2a41e000 	C:\Program Files\Citrix\ICAService\ShellHook64.dll
0x00007ffb2d230000 - 0x00007ffb2e66f000 	C:\WINDOWS\System32\SHELL32.dll
0x00007ffb2b820000 - 0x00007ffb2b869000 	C:\WINDOWS\System32\cfgmgr32.dll
0x00007ffb2be40000 - 0x00007ffb2bee9000 	C:\WINDOWS\System32\shcore.dll
0x00007ffb2acf0000 - 0x00007ffb2b3fd000 	C:\WINDOWS\System32\windows.storage.dll
0x00007ffb2cd20000 - 0x00007ffb2cd71000 	C:\WINDOWS\System32\shlwapi.dll
0x00007ffb2ac80000 - 0x00007ffb2ac91000 	C:\WINDOWS\System32\kernel.appcore.dll
0x00007ffb2acd0000 - 0x00007ffb2acef000 	C:\WINDOWS\System32\profapi.dll
0x00007ffb2ac30000 - 0x00007ffb2ac7c000 	C:\WINDOWS\System32\powrprof.dll
0x00007ffb2aca0000 - 0x00007ffb2acaa000 	C:\WINDOWS\System32\FLTLIB.DLL
0x00007ffb2a230000 - 0x00007ffb2a3ac000 	C:\Program Files\Citrix\ICAService\SCardHook64.dll
0x00007ffb29f30000 - 0x00007ffb29f5a000 	C:\Program Files\Citrix\ICAService\cxinjime64.dll
0x00007ffb29ee0000 - 0x00007ffb29f28000 	C:\Program Files\Citrix\ICAService\PicaWtsHook64.dll
0x00000000573e0000 - 0x00000000574b2000 	C:\Program Files\Java\jre1.8.0_121\bin\msvcr100.dll
0x0000000057810000 - 0x00000000580ab000 	C:\Program Files\Java\jre1.8.0_121\bin\server\jvm.dll
0x00007ffb2bef0000 - 0x00007ffb2bef8000 	C:\WINDOWS\System32\PSAPI.DLL
0x00007ffb1c840000 - 0x00007ffb1c849000 	C:\WINDOWS\SYSTEM32\WSOCK32.dll
0x00007ffb2c1c0000 - 0x00007ffb2c22c000 	C:\WINDOWS\System32\WS2_32.dll
0x00007ffb27740000 - 0x00007ffb27763000 	C:\WINDOWS\SYSTEM32\WINMM.dll
0x00007ffb2a4f0000 - 0x00007ffb2a4fa000 	C:\WINDOWS\SYSTEM32\VERSION.dll
0x00007ffb27710000 - 0x00007ffb2773a000 	C:\WINDOWS\SYSTEM32\WINMMBASE.dll
0x00000000589a0000 - 0x00000000589af000 	C:\Program Files\Java\jre1.8.0_121\bin\verify.dll
0x0000000058970000 - 0x0000000058999000 	C:\Program Files\Java\jre1.8.0_121\bin\java.dll
0x0000000058950000 - 0x0000000058966000 	C:\Program Files\Java\jre1.8.0_121\bin\zip.dll

VM Arguments:
jvm_args: -Dcom.sun.management.jmxremote -Dcom.sun.management.jmxremote.port=60916 -Dcom.sun.management.jmxremote.authenticate=false -Dcom.sun.management.jmxremote.ssl=false -Djava.rmi.server.hostname=localhost -Dspring.liveBeansView.mbeanDomain -Dspring.application.admin.enabled=true -Xverify:none -XX:TieredStopAtLevel=1 -Dfile.encoding=UTF-8 
java_command: com.cg.ws.main.WebservicebankaccountApplication --spring.output.ansi.enabled=always
java_class_path (initial): C:\Users\jaffshai\Desktop\webservicedemo\webservicebankaccount\target\classes;C:\Users\jaffshai\.m2\repository\org\springframework\boot\spring-boot-starter-actuator\2.1.2.RELEASE\spring-boot-starter-actuator-2.1.2.RELEASE.jar;C:\Users\jaffshai\.m2\repository\org\springframework\boot\spring-boot-starter\2.1.2.RELEASE\spring-boot-starter-2.1.2.RELEASE.jar;C:\Users\jaffshai\.m2\repository\org\springframework\boot\spring-boot\2.1.2.RELEASE\spring-boot-2.1.2.RELEASE.jar;C:\Users\jaffshai\.m2\repository\org\springframework\boot\spring-boot-autoconfigure\2.1.2.RELEASE\spring-boot-autoconfigure-2.1.2.RELEASE.jar;C:\Users\jaffshai\.m2\repository\org\springframework\boot\spring-boot-starter-logging\2.1.2.RELEASE\spring-boot-starter-logging-2.1.2.RELEASE.jar;C:\Users\jaffshai\.m2\repository\ch\qos\logback\logback-classic\1.2.3\logback-classic-1.2.3.jar;C:\Users\jaffshai\.m2\repository\ch\qos\logback\logback-core\1.2.3\logback-core-1.2.3.jar;C:\Users\jaffshai\.m2\repository\org\apache\logging\log4j\log4j-to-slf4j\2.11.1\log4j-to-slf4j-2.11.1.jar;C:\Users\jaffshai\.m2\repository\org\apache\logging\log4j\log4j-api\2.11.1\log4j-api-2.11.1.jar;C:\Users\jaffshai\.m2\repository\org\slf4j\jul-to-slf4j\1.7.25\jul-to-slf4j-1.7.25.jar;C:\Users\jaffshai\.m2\repository\javax\annotation\javax.annotation-api\1.3.2\javax.annotation-api-1.3.2.jar;C:\Users\jaffshai\.m2\repository\org\yaml\snakeyaml\1.23\snakeyaml-1.23.jar;C:\Users\jaffshai\.m2\repository\org\springframework\boot\spring-boot-actuator-autoconfigure\2.1.2.RELEASE\spring-boot-actuator-autoconfigure-2.1.2.RELEASE.jar;C:\Users\jaffshai\.m2\repository\org\springframework\boot\spring-boot-actuator\2.1.2.RELEASE\spring-boot-actuator-2.1.2.RELEASE.jar;C:\Users\jaffshai\.m2\repository\com\fasterxml\jackson\core\jackson-databind\2.9.8\jackson-databind-2.9.8.jar;C:\Users\jaffshai\.m2\repository\com\fasterxml\jackson\core\jackson-core\2.9.8\jackson-core-2.9.8.jar;C:\Users\jaffshai\.m2\repository\org\springframewo
Launcher Type: SUN_STANDARD

Environment Variables:
PATH=C:/Program Files/Java/jre1.8.0_121/bin/server;C:/Program Files/Java/jre1.8.0_121/bin;C:/Program Files/Java/jre1.8.0_121/lib/amd64;C:\Python34\;C:\Python34\Scripts;C:\oraclexe\app\oracle\product\11.2.0\server\bin;C:\ProgramData\Oracle\Java\javapath;C:\WINDOWS\system32;C:\WINDOWS;C:\WINDOWS\System32\Wbem;C:\WINDOWS\System32\WindowsPowerShell\v1.0\;C:\Program Files\TortoiseSVN\bin;C:\Program Files\nodejs\;C:\Program Files\Git\cmd;C:\Program Files (x86)\Microsoft SQL Server\110\Tools\Binn\ManagementStudio\;C:\Program Files (x86)\Microsoft SQL Server\110\Tools\Binn\;C:\Program Files (x86)\Microsoft SQL Server\110\DTS\Binn\;C:\Program Files\Citrix\System32\;C:\Program Files\Citrix\ICAService\;C:\WINDOWS\System32\OpenSSH\;C:\Users\jaffshai\AppData\Local\Microsoft\WindowsApps;;C:\Users\jaffshai\Desktop\SpringApp\sts-bundle\sts-3.9.7.RELEASE;
USERNAME=jaffshai
OS=Windows_NT
PROCESSOR_IDENTIFIER=Intel64 Family 15 Model 6 Stepping 1, GenuineIntel



---------------  S Y S T E M  ---------------

OS: Windows 10.0 , 64 bit Build 17134 (10.0.17134.1)

CPU:total 4 (2 cores per cpu, 1 threads per core) family 15 model 6 stepping 1, cmov, cx8, fxsr, mmx, sse, sse2, sse3, ssse3, sse4.1, sse4.2, popcnt, avx, avx2, aes, clmul, erms, rtm, 3dnowpref, lzcnt, tsc, bmi1, bmi2, adx

Memory: 4k page, physical 8388056k(1265196k free), swap 18697820k(5776k free)

vm_info: Java HotSpot(TM) 64-Bit Server VM (25.121-b13) for windows-amd64 JRE (1.8.0_121-b13), built on Dec 12 2016 18:21:36 by "java_re" with MS VC++ 10.0 (VS2010)

time: Mon Jan 21 10:11:49 2019
elapsed time: 0 seconds (0d 0h 0m 0s)

